Using pre-set license
Built from '2022.3/staging' branch; Version is '2022.3.27f1 (73effa14754f) revision 7598074'; Using compiler version '192829333'; Build Type 'Release'
OS: 'Windows 10  (10.0.19045) 64bit Professional' Language: 'ru' Physical Memory: 24370 MB
BatchMode: 1, IsHumanControllingUs: 0, StartBugReporterOnCrash: 0, Is64bit: 1, IsPro: 1

COMMAND LINE ARGUMENTS:
C:\Program Files\Unity\Hub\Editor\2022.3.27f1\Editor\Unity.exe
-adb2
-batchMode
-noUpm
-name
AssetImportWorker4
-projectPath
D:/GitHub/Fps
-logFile
Logs/AssetImportWorker4.log
-srvPort
57996
Successfully changed project path to: D:/GitHub/Fps
D:/GitHub/Fps
[UnityMemory] Configuration Parameters - Can be set up in boot.config
    "memorysetup-bucket-allocator-granularity=16"
    "memorysetup-bucket-allocator-bucket-count=8"
    "memorysetup-bucket-allocator-block-size=33554432"
    "memorysetup-bucket-allocator-block-count=8"
    "memorysetup-main-allocator-block-size=16777216"
    "memorysetup-thread-allocator-block-size=16777216"
    "memorysetup-gfx-main-allocator-block-size=16777216"
    "memorysetup-gfx-thread-allocator-block-size=16777216"
    "memorysetup-cache-allocator-block-size=4194304"
    "memorysetup-typetree-allocator-block-size=2097152"
    "memorysetup-profiler-bucket-allocator-granularity=16"
    "memorysetup-profiler-bucket-allocator-bucket-count=8"
    "memorysetup-profiler-bucket-allocator-block-size=33554432"
    "memorysetup-profiler-bucket-allocator-block-count=8"
    "memorysetup-profiler-allocator-block-size=16777216"
    "memorysetup-profiler-editor-allocator-block-size=1048576"
    "memorysetup-temp-allocator-size-main=16777216"
    "memorysetup-job-temp-allocator-block-size=2097152"
    "memorysetup-job-temp-allocator-block-size-background=1048576"
    "memorysetup-job-temp-allocator-reduction-small-platforms=262144"
    "memorysetup-allocator-temp-initial-block-size-main=262144"
    "memorysetup-allocator-temp-initial-block-size-worker=262144"
    "memorysetup-temp-allocator-size-background-worker=32768"
    "memorysetup-temp-allocator-size-job-worker=262144"
    "memorysetup-temp-allocator-size-preload-manager=33554432"
    "memorysetup-temp-allocator-size-nav-mesh-worker=65536"
    "memorysetup-temp-allocator-size-audio-worker=65536"
    "memorysetup-temp-allocator-size-cloud-worker=32768"
    "memorysetup-temp-allocator-size-gi-baking-worker=262144"
    "memorysetup-temp-allocator-size-gfx=262144"
Player connection [34404] Host "[IP] 192.168.56.1 [Port] 0 [Flags] 2 [Guid] 2965928006 [EditorId] 2965928006 [Version] 1048832 [Id] WindowsEditor(7,DESKTOP-76T0DDF) [Debug] 1 [PackageName] WindowsEditor [ProjectName] Editor" joined multi-casting on [225.0.0.222:54997]...

Player connection [34404] Host "[IP] 192.168.56.1 [Port] 0 [Flags] 2 [Guid] 2965928006 [EditorId] 2965928006 [Version] 1048832 [Id] WindowsEditor(7,DESKTOP-76T0DDF) [Debug] 1 [PackageName] WindowsEditor [ProjectName] Editor" joined alternative multi-casting on [225.0.0.222:34997]...

[Physics::Module] Initialized MultithreadedJobDispatcher with 15 workers.
Refreshing native plugins compatible for Editor in 11.35 ms, found 3 plugins.
Preloading 0 native plugins for Editor in 0.00 ms.
Initialize engine version: 2022.3.27f1 (73effa14754f)
[Subsystems] Discovering subsystems at path C:/Program Files/Unity/Hub/Editor/2022.3.27f1/Editor/Data/Resources/UnitySubsystems
[Subsystems] Discovering subsystems at path D:/GitHub/Fps/Assets
GfxDevice: creating device client; threaded=0; jobified=0
Direct3D:
    Version:  Direct3D 11.0 [level 11.1]
    Renderer: NVIDIA GeForce RTX 4060 (ID=0x2882)
    Vendor:   NVIDIA
    VRAM:     7957 MB
    Driver:   32.0.15.6094
Initialize mono
Mono path[0] = 'C:/Program Files/Unity/Hub/Editor/2022.3.27f1/Editor/Data/Managed'
Mono path[1] = 'C:/Program Files/Unity/Hub/Editor/2022.3.27f1/Editor/Data/MonoBleedingEdge/lib/mono/unityjit-win32'
Mono config path = 'C:/Program Files/Unity/Hub/Editor/2022.3.27f1/Editor/Data/MonoBleedingEdge/etc'
Using monoOptions --debugger-agent=transport=dt_socket,embedding=1,server=y,suspend=n,address=127.0.0.1:56424
Begin MonoManager ReloadAssembly
Registering precompiled unity dll's ...
Register platform support module: C:/Program Files/Unity/Hub/Editor/2022.3.27f1/Editor/Data/PlaybackEngines/WebGLSupport/UnityEditor.WebGL.Extensions.dll
Register platform support module: C:/Program Files/Unity/Hub/Editor/2022.3.27f1/Editor/Data/PlaybackEngines/AndroidPlayer/UnityEditor.Android.Extensions.dll
Register platform support module: C:/Program Files/Unity/Hub/Editor/2022.3.27f1/Editor/Data/PlaybackEngines/WindowsStandaloneSupport/UnityEditor.WindowsStandalone.Extensions.dll
Register platform support module: C:/Program Files/Unity/Hub/Editor/2022.3.27f1/Editor/Data/PlaybackEngines/MetroSupport/UnityEditor.UWP.Extensions.dll
Registered in 0.041760 seconds.
- Loaded All Assemblies, in  0.479 seconds
Native extension for UWP target not found
Native extension for WindowsStandalone target not found
Native extension for Android target not found
Android Extension - Scanning For ADB Devices 311 ms
Native extension for WebGL target not found
Mono: successfully reloaded assembly
- Finished resetting the current domain, in  0.633 seconds
Domain Reload Profiling: 1104ms
	BeginReloadAssembly (170ms)
		ExecutionOrderSort (0ms)
		DisableScriptedObjects (0ms)
		BackupInstance (0ms)
		ReleaseScriptingObjects (0ms)
		CreateAndSetChildDomain (1ms)
	RebuildCommonClasses (33ms)
	RebuildNativeTypeToScriptingClass (8ms)
	initialDomainReloadingComplete (108ms)
	LoadAllAssembliesAndSetupDomain (152ms)
		LoadAssemblies (166ms)
		RebuildTransferFunctionScriptingTraits (0ms)
		AnalyzeDomain (146ms)
			TypeCache.Refresh (144ms)
				TypeCache.ScanAssembly (131ms)
			ScanForSourceGeneratedMonoScriptInfo (0ms)
			ResolveRequiredComponents (0ms)
	FinalizeReload (634ms)
		ReleaseScriptCaches (0ms)
		RebuildScriptCaches (0ms)
		SetupLoadedEditorAssemblies (582ms)
			LogAssemblyErrors (0ms)
			InitializePlatformSupportModulesInManaged (422ms)
			SetLoadedEditorAssemblies (5ms)
			RefreshPlugins (0ms)
			BeforeProcessingInitializeOnLoad (2ms)
			ProcessInitializeOnLoadAttributes (108ms)
			ProcessInitializeOnLoadMethodAttributes (45ms)
			AfterProcessingInitializeOnLoad (0ms)
			EditorAssembliesLoaded (0ms)
		ExecutionOrderSort2 (0ms)
		AwakeInstancesAfterBackupRestoration (0ms)
========================================================================
Worker process is ready to serve import requests
Begin MonoManager ReloadAssembly
- Loaded All Assemblies, in  0.800 seconds
Refreshing native plugins compatible for Editor in 3.25 ms, found 3 plugins.
Native extension for UWP target not found
Native extension for WindowsStandalone target not found
Native extension for Android target not found
Native extension for WebGL target not found
Package Manager log level set to [2]
[Package Manager] Server::EnsureServerProcessIsRunning -- launch failed, reason: Unity was launched with the -noUpm command-line argument
[Package Manager] UpmClient::Send -- Unable to send message (not connected to UPM process).
[Package Manager] Cannot connect to Unity Package Manager local server
Mono: successfully reloaded assembly
- Finished resetting the current domain, in  0.723 seconds
Domain Reload Profiling: 1515ms
	BeginReloadAssembly (193ms)
		ExecutionOrderSort (0ms)
		DisableScriptedObjects (5ms)
		BackupInstance (0ms)
		ReleaseScriptingObjects (0ms)
		CreateAndSetChildDomain (22ms)
	RebuildCommonClasses (31ms)
	RebuildNativeTypeToScriptingClass (8ms)
	initialDomainReloadingComplete (56ms)
	LoadAllAssembliesAndSetupDomain (503ms)
		LoadAssemblies (464ms)
		RebuildTransferFunctionScriptingTraits (0ms)
		AnalyzeDomain (170ms)
			TypeCache.Refresh (147ms)
				TypeCache.ScanAssembly (130ms)
			ScanForSourceGeneratedMonoScriptInfo (16ms)
			ResolveRequiredComponents (6ms)
	FinalizeReload (724ms)
		ReleaseScriptCaches (0ms)
		RebuildScriptCaches (0ms)
		SetupLoadedEditorAssemblies (583ms)
			LogAssemblyErrors (0ms)
			InitializePlatformSupportModulesInManaged (43ms)
			SetLoadedEditorAssemblies (4ms)
			RefreshPlugins (0ms)
			BeforeProcessingInitializeOnLoad (94ms)
			ProcessInitializeOnLoadAttributes (386ms)
			ProcessInitializeOnLoadMethodAttributes (26ms)
			AfterProcessingInitializeOnLoad (30ms)
			EditorAssembliesLoaded (0ms)
		ExecutionOrderSort2 (0ms)
		AwakeInstancesAfterBackupRestoration (8ms)
Launched and connected shader compiler UnityShaderCompiler.exe after 0.06 seconds
Refreshing native plugins compatible for Editor in 4.57 ms, found 3 plugins.
Preloading 0 native plugins for Editor in 0.00 ms.
Unloading 3384 Unused Serialized files (Serialized files now loaded: 0)
Unloading 39 unused Assets / (32.8 KB). Loaded Objects now: 3872.
Memory consumption went from 154.2 MB to 154.2 MB.
Total: 3.064600 ms (FindLiveObjects: 0.276600 ms CreateObjectMapping: 0.210600 ms MarkObjects: 2.509700 ms  DeleteObjects: 0.067000 ms)

AssetImportParameters requested are different than current active one (requested -> active):
  custom:container-demuxer-ogg: 62fdf1f143b41e24485cea50d1cbac27 -> 
  custom:video-decoder-ogg-theora: a1e56fd34408186e4bbccfd4996cb3dc -> 
  custom:framework-win-MediaFoundation: 216162199b28c13a410421893ffa2e32 -> 
  custom:CustomObjectIndexerAttribute: 9a22284fe3817be447336de3de66b15e -> 
  custom:container-demuxer-webm: 4f35f7cbe854078d1ac9338744f61a02 -> 
  custom:container-muxer-webm: aa71ff27fc2769a1b78a27578f13a17b -> 
  custom:video-decoder-webm-vp8: 9c59270c3fd7afecdb556c50c9e8de78 -> 
  custom:SearchIndexIgnoredProperties: e643bd26f0fe6173181afceb89e7c659 -> 
  custom:AudioImporter_EditorPlatform: d09bf68614088b80899f8185d706f6e7 -> 
  custom:video-encoder-webm-vp8: eb34c28f22e8b96e1ab97ce403110664 -> 
  custom:audio-decoder-ogg-vorbis: bf7c407c2cedff20999df2af8eb42d56 -> 
  custom:audio-encoder-webm-vorbis: bf7c407c2cedff20999df2af8eb42d56 -> 
========================================================================
Received Import Request.
  Time since last request: 15389.126110 seconds.
  path: Assets/Resources/Asssets(AsssetStore)/BrokenVector/LowPolyStoragePack/Prefabs/Treasure_Chest.prefab
  artifactKey: Guid(7508a35910e500841aa2d8ae33c44512) Importer(815301076,1909f56bfc062723c751e8b465ee728b)
Start importing Assets/Resources/Asssets(AsssetStore)/BrokenVector/LowPolyStoragePack/Prefabs/Treasure_Chest.prefab using Guid(7508a35910e500841aa2d8ae33c44512) Importer(815301076,1909f56bfc062723c751e8b465ee728b)  -> (artifact id: '5c9eba3390faa63d5005127c504024c3') in 0.067255 seconds
Number of updated asset objects reloaded before import = 0
Number of asset objects unloaded after import = 10
========================================================================
Received Import Request.
  Time since last request: 200.778568 seconds.
  path: Assets/Resources/Asssets(AsssetStore)/BrokenVector/LowPolyStoragePack/Items
  artifactKey: Guid(b9bb9fb95e7904d429606f4dcd653b7d) Importer(815301076,1909f56bfc062723c751e8b465ee728b)
Start importing Assets/Resources/Asssets(AsssetStore)/BrokenVector/LowPolyStoragePack/Items using Guid(b9bb9fb95e7904d429606f4dcd653b7d) Importer(815301076,1909f56bfc062723c751e8b465ee728b)  -> (artifact id: '4aaf040e698564a3e45ac7b1d3ea15f1') in 0.000569 seconds
Number of updated asset objects reloaded before import = 0
Number of asset objects unloaded after import = 0
========================================================================
Received Import Request.
  Time since last request: 52.438088 seconds.
  path: Assets/Resources/Chunks/Chunck1.prefab
  artifactKey: Guid(bc180768b51367646a919ba394b05c15) Importer(815301076,1909f56bfc062723c751e8b465ee728b)
Start importing Assets/Resources/Chunks/Chunck1.prefab using Guid(bc180768b51367646a919ba394b05c15) Importer(815301076,1909f56bfc062723c751e8b465ee728b)  -> (artifact id: '61a83378a60f9c3ac715f29c78dfbc40') in 0.030925 seconds
Number of updated asset objects reloaded before import = 0
Number of asset objects unloaded after import = 85
========================================================================
Received Import Request.
  Time since last request: 10.105766 seconds.
  path: Assets/Resources/Chunks/Chunck2.prefab
  artifactKey: Guid(af0c9bbef7627a146a5ee1ed0d6f1837) Importer(815301076,1909f56bfc062723c751e8b465ee728b)
Start importing Assets/Resources/Chunks/Chunck2.prefab using Guid(af0c9bbef7627a146a5ee1ed0d6f1837) Importer(815301076,1909f56bfc062723c751e8b465ee728b)  -> (artifact id: '7858501659fd115a416b797c78784f06') in 0.009688 seconds
Number of updated asset objects reloaded before import = 0
Number of asset objects unloaded after import = 40
========================================================================
Received Import Request.
  Time since last request: 13.765712 seconds.
  path: Assets/Resources/Chunks/Chunck2.prefab
  artifactKey: Guid(af0c9bbef7627a146a5ee1ed0d6f1837) Importer(815301076,1909f56bfc062723c751e8b465ee728b)
Start importing Assets/Resources/Chunks/Chunck2.prefab using Guid(af0c9bbef7627a146a5ee1ed0d6f1837) Importer(815301076,1909f56bfc062723c751e8b465ee728b)  -> (artifact id: '86153ad5bd17f043af153859af3546e5') in 0.008265 seconds
Number of updated asset objects reloaded before import = 0
Number of asset objects unloaded after import = 40
========================================================================
Received Import Request.
  Time since last request: 4.897894 seconds.
  path: Assets/Resources/Chunks/Chunck2.prefab
  artifactKey: Guid(af0c9bbef7627a146a5ee1ed0d6f1837) Importer(815301076,1909f56bfc062723c751e8b465ee728b)
Start importing Assets/Resources/Chunks/Chunck2.prefab using Guid(af0c9bbef7627a146a5ee1ed0d6f1837) Importer(815301076,1909f56bfc062723c751e8b465ee728b)  -> (artifact id: 'a2d461d6157a4f97221d861c60324c75') in 0.009562 seconds
Number of updated asset objects reloaded before import = 0
Number of asset objects unloaded after import = 40
========================================================================
Received Import Request.
  Time since last request: 2.204827 seconds.
  path: Assets/Resources/Chunks/Chunck2.prefab
  artifactKey: Guid(af0c9bbef7627a146a5ee1ed0d6f1837) Importer(815301076,1909f56bfc062723c751e8b465ee728b)
Start importing Assets/Resources/Chunks/Chunck2.prefab using Guid(af0c9bbef7627a146a5ee1ed0d6f1837) Importer(815301076,1909f56bfc062723c751e8b465ee728b)  -> (artifact id: '7bc8f4c5aea4ec6ec8ea8f6247f4b663') in 0.011352 seconds
Number of updated asset objects reloaded before import = 0
Number of asset objects unloaded after import = 40
========================================================================
Received Import Request.
  Time since last request: 4.236520 seconds.
  path: Assets/Resources/Chunks/Chunck2.prefab
  artifactKey: Guid(af0c9bbef7627a146a5ee1ed0d6f1837) Importer(815301076,1909f56bfc062723c751e8b465ee728b)
Start importing Assets/Resources/Chunks/Chunck2.prefab using Guid(af0c9bbef7627a146a5ee1ed0d6f1837) Importer(815301076,1909f56bfc062723c751e8b465ee728b)  -> (artifact id: '63a2a432d5896c7b8990cbd7ce62addb') in 0.008802 seconds
Number of updated asset objects reloaded before import = 0
Number of asset objects unloaded after import = 40
========================================================================
Received Import Request.
  Time since last request: 10.314409 seconds.
  path: Assets/Resources/Chunks/Chunck2.prefab
  artifactKey: Guid(af0c9bbef7627a146a5ee1ed0d6f1837) Importer(815301076,1909f56bfc062723c751e8b465ee728b)
Start importing Assets/Resources/Chunks/Chunck2.prefab using Guid(af0c9bbef7627a146a5ee1ed0d6f1837) Importer(815301076,1909f56bfc062723c751e8b465ee728b)  -> (artifact id: 'aa2762d0daf159625970641a2131b92c') in 0.008064 seconds
Number of updated asset objects reloaded before import = 0
Number of asset objects unloaded after import = 40
========================================================================
Received Import Request.
  Time since last request: 140.946226 seconds.
  path: Assets/Resources/Chunks/Chunck2.prefab
  artifactKey: Guid(af0c9bbef7627a146a5ee1ed0d6f1837) Importer(815301076,1909f56bfc062723c751e8b465ee728b)
Start importing Assets/Resources/Chunks/Chunck2.prefab using Guid(af0c9bbef7627a146a5ee1ed0d6f1837) Importer(815301076,1909f56bfc062723c751e8b465ee728b) The Animator Controller (Spot Light) you have used is not valid. Animations will not play
UnityEngine.StackTraceUtility:ExtractStackTrace ()
UnityEditor.EditorUtility:Internal_InstantiateRemoveAllNonAnimationComponentsSingle (UnityEngine.Object,UnityEngine.Vector3,UnityEngine.Quaternion)
UnityEditor.EditorUtility:InstantiateRemoveAllNonAnimationComponents (UnityEngine.Object,UnityEngine.Vector3,UnityEngine.Quaternion)
UnityEditor.EditorUtility:InstantiateForAnimatorPreview (UnityEngine.Object)
UnityEditor.GameObjectInspector/PreviewData:UpdateGameObject (UnityEngine.Object)
UnityEditor.GameObjectInspector/PreviewData:.ctor (UnityEngine.Object,bool)
UnityEditor.GameObjectInspector:GetPreviewData (bool)
UnityEditor.GameObjectInspector:RenderStaticPreview (string,UnityEngine.Object[],int,int)
UnityEditor.AssetPreviewUpdater:CreatePreview (UnityEngine.Object,UnityEngine.Object[],string,int,int)
UnityEditor.AssetPreviewUpdater:CreatePreviewForAsset (UnityEngine.Object,UnityEngine.Object[],string)

[C:\build\output\unity\unity\Modules\Animation\Director\AnimatorControllerPlayable.cpp line 333]

 -> (artifact id: '6f1cd2b4d46cb5537027c89318f27013') in 0.011860 seconds
Number of updated asset objects reloaded before import = 0
Number of asset objects unloaded after import = 42
========================================================================
Received Import Request.
  Time since last request: 176.498320 seconds.
  path: Assets/Resources/Asssets(AsssetStore)/BrokenVector/LowPolyStoragePack/Materials/Storage_Diffuse_Purple.mat
  artifactKey: Guid(17b827be00b46de49b67f1a66e3c874a) Importer(815301076,1909f56bfc062723c751e8b465ee728b)
Start importing Assets/Resources/Asssets(AsssetStore)/BrokenVector/LowPolyStoragePack/Materials/Storage_Diffuse_Purple.mat using Guid(17b827be00b46de49b67f1a66e3c874a) Importer(815301076,1909f56bfc062723c751e8b465ee728b)  -> (artifact id: '7caeb5471be1c706259a6ba3ec9b9907') in 0.038425 seconds
Number of updated asset objects reloaded before import = 0
Number of asset objects unloaded after import = 2
========================================================================
Received Import Request.
  Time since last request: 0.000027 seconds.
  path: Assets/Resources/Asssets(AsssetStore)/BrokenVector/LowPolyStoragePack/Materials/Storage_Unlit_Blue.mat
  artifactKey: Guid(0be69c02f81c03846bb3d5d7b79e19a2) Importer(815301076,1909f56bfc062723c751e8b465ee728b)
Start importing Assets/Resources/Asssets(AsssetStore)/BrokenVector/LowPolyStoragePack/Materials/Storage_Unlit_Blue.mat using Guid(0be69c02f81c03846bb3d5d7b79e19a2) Importer(815301076,1909f56bfc062723c751e8b465ee728b)  -> (artifact id: '9f750b99560956a35585a04a1cb1656f') in 0.067090 seconds
Number of updated asset objects reloaded before import = 0
Number of asset objects unloaded after import = 2
========================================================================
Received Import Request.
  Time since last request: 0.000022 seconds.
  path: Assets/Resources/Asssets(AsssetStore)/BrokenVector/LowPolyStoragePack/Materials/Storage_Metal_Purple.mat
  artifactKey: Guid(19f1aca6176a7614f899e6d504abc147) Importer(815301076,1909f56bfc062723c751e8b465ee728b)
Start importing Assets/Resources/Asssets(AsssetStore)/BrokenVector/LowPolyStoragePack/Materials/Storage_Metal_Purple.mat using Guid(19f1aca6176a7614f899e6d504abc147) Importer(815301076,1909f56bfc062723c751e8b465ee728b)  -> (artifact id: '0fb760c3e67868116e6f61c4ada4f696') in 0.016022 seconds
Number of updated asset objects reloaded before import = 0
Number of asset objects unloaded after import = 2
========================================================================
Received Import Request.
  Time since last request: 0.000027 seconds.
  path: Assets/Resources/Asssets(AsssetStore)/BrokenVector/LowPolyStoragePack/Materials/Storage_Metal_Yellow.mat
  artifactKey: Guid(42b72ec56c0ab8047879964b928f6fe9) Importer(815301076,1909f56bfc062723c751e8b465ee728b)
Start importing Assets/Resources/Asssets(AsssetStore)/BrokenVector/LowPolyStoragePack/Materials/Storage_Metal_Yellow.mat using Guid(42b72ec56c0ab8047879964b928f6fe9) Importer(815301076,1909f56bfc062723c751e8b465ee728b)  -> (artifact id: '2cee91d4affea020e9df2f1cea8da4cc') in 0.017232 seconds
Number of updated asset objects reloaded before import = 0
Number of asset objects unloaded after import = 2
========================================================================
Received Import Request.
  Time since last request: 0.000023 seconds.
  path: Assets/Resources/Asssets(AsssetStore)/BrokenVector/LowPolyStoragePack/Materials/Storage_Unlit_Green.mat
  artifactKey: Guid(2c2fa0db6f0ab4e49a518ffedd66cc22) Importer(815301076,1909f56bfc062723c751e8b465ee728b)
Start importing Assets/Resources/Asssets(AsssetStore)/BrokenVector/LowPolyStoragePack/Materials/Storage_Unlit_Green.mat using Guid(2c2fa0db6f0ab4e49a518ffedd66cc22) Importer(815301076,1909f56bfc062723c751e8b465ee728b)  -> (artifact id: '51992bacba355e64046313f3594f1ed1') in 0.020216 seconds
Number of updated asset objects reloaded before import = 0
Number of asset objects unloaded after import = 2
========================================================================
Received Import Request.
  Time since last request: 0.000021 seconds.
  path: Assets/Resources/Asssets(AsssetStore)/BrokenVector/LowPolyStoragePack/Materials/Storage_Metal_Blue.mat
  artifactKey: Guid(2baa316d3d6d44d44b49de38958c3fcc) Importer(815301076,1909f56bfc062723c751e8b465ee728b)
Start importing Assets/Resources/Asssets(AsssetStore)/BrokenVector/LowPolyStoragePack/Materials/Storage_Metal_Blue.mat using Guid(2baa316d3d6d44d44b49de38958c3fcc) Importer(815301076,1909f56bfc062723c751e8b465ee728b)  -> (artifact id: '25bd1adbdcd234aa528fe72d23c8f226') in 0.015374 seconds
Number of updated asset objects reloaded before import = 0
Number of asset objects unloaded after import = 2
========================================================================
Received Import Request.
  Time since last request: 0.497468 seconds.
  path: Assets/Resources/Asssets(AsssetStore)/BrokenVector/LowPolyStoragePack/Materials/Storage_Unlit_Red.mat
  artifactKey: Guid(c361b9c61d93b424c972e2699e35553d) Importer(815301076,1909f56bfc062723c751e8b465ee728b)
Start importing Assets/Resources/Asssets(AsssetStore)/BrokenVector/LowPolyStoragePack/Materials/Storage_Unlit_Red.mat using Guid(c361b9c61d93b424c972e2699e35553d) Importer(815301076,1909f56bfc062723c751e8b465ee728b)  -> (artifact id: 'ea3f9f2dad735028f711b2e59e72ed9a') in 0.015112 seconds
Number of updated asset objects reloaded before import = 0
Number of asset objects unloaded after import = 2
========================================================================
Received Import Request.
  Time since last request: 1.262771 seconds.
  path: Assets/Resources/Asssets(AsssetStore)/BrokenVector/LowPolyStoragePack/Materials/Storage_Diffuse_Blue.mat
  artifactKey: Guid(b0cfeb8b980746945a0afedcf4ec2880) Importer(815301076,1909f56bfc062723c751e8b465ee728b)
Start importing Assets/Resources/Asssets(AsssetStore)/BrokenVector/LowPolyStoragePack/Materials/Storage_Diffuse_Blue.mat using Guid(b0cfeb8b980746945a0afedcf4ec2880) Importer(815301076,1909f56bfc062723c751e8b465ee728b)  -> (artifact id: 'bc670ed3589aa377ac8c32b80376484c') in 0.016822 seconds
Number of updated asset objects reloaded before import = 0
Number of asset objects unloaded after import = 2
========================================================================
Received Import Request.
  Time since last request: 2.173426 seconds.
  path: Assets/Photon/PhotonUnityNetworking/Demos/DemoProcedural/Materials/LightGreen.mat
  artifactKey: Guid(cd644746d7159df42b0c206b559af881) Importer(815301076,1909f56bfc062723c751e8b465ee728b)
Start importing Assets/Photon/PhotonUnityNetworking/Demos/DemoProcedural/Materials/LightGreen.mat using Guid(cd644746d7159df42b0c206b559af881) Importer(815301076,1909f56bfc062723c751e8b465ee728b)  -> (artifact id: '5c3511d71d8396d6ebe55938d7bf89bb') in 0.019085 seconds
Number of updated asset objects reloaded before import = 0
Number of asset objects unloaded after import = 1
========================================================================
Received Import Request.
  Time since last request: 0.008473 seconds.
  path: Assets/Resources/Asssets(AsssetStore)/TextMesh Pro/Resources/Fonts & Materials/LiberationSans SDF.asset
  artifactKey: Guid(8f586378b4e144a9851e7b34d9b748ee) Importer(815301076,1909f56bfc062723c751e8b465ee728b)
Start importing Assets/Resources/Asssets(AsssetStore)/TextMesh Pro/Resources/Fonts & Materials/LiberationSans SDF.asset using Guid(8f586378b4e144a9851e7b34d9b748ee) Importer(815301076,1909f56bfc062723c751e8b465ee728b)  -> (artifact id: '115666f1a2cc457ba70f346d99ce8230') in 0.059113 seconds
Number of updated asset objects reloaded before import = 0
Number of asset objects unloaded after import = 9
========================================================================
Received Import Request.
  Time since last request: 0.366024 seconds.
  path: Assets/Resources/Asssets(AsssetStore)/TextMesh Pro/Resources/Fonts & Materials/LiberationSans SDF - Drop Shadow.mat
  artifactKey: Guid(e73a58f6e2794ae7b1b7e50b7fb811b0) Importer(815301076,1909f56bfc062723c751e8b465ee728b)
Start importing Assets/Resources/Asssets(AsssetStore)/TextMesh Pro/Resources/Fonts & Materials/LiberationSans SDF - Drop Shadow.mat using Guid(e73a58f6e2794ae7b1b7e50b7fb811b0) Importer(815301076,1909f56bfc062723c751e8b465ee728b)  -> (artifact id: 'fa33bd93268e98b1bb0ecd722f8ad307') in 0.048492 seconds
Number of updated asset objects reloaded before import = 0
Number of asset objects unloaded after import = 2
========================================================================
Received Import Request.
  Time since last request: 33.712847 seconds.
  path: Assets/Resources/Chunks/Chunck2.prefab
  artifactKey: Guid(af0c9bbef7627a146a5ee1ed0d6f1837) Importer(815301076,1909f56bfc062723c751e8b465ee728b)
Start importing Assets/Resources/Chunks/Chunck2.prefab using Guid(af0c9bbef7627a146a5ee1ed0d6f1837) Importer(815301076,1909f56bfc062723c751e8b465ee728b) The Animator Controller (Spot Light) you have used is not valid. Animations will not play
UnityEngine.StackTraceUtility:ExtractStackTrace ()
UnityEditor.EditorUtility:Internal_InstantiateRemoveAllNonAnimationComponentsSingle (UnityEngine.Object,UnityEngine.Vector3,UnityEngine.Quaternion)
UnityEditor.EditorUtility:InstantiateRemoveAllNonAnimationComponents (UnityEngine.Object,UnityEngine.Vector3,UnityEngine.Quaternion)
UnityEditor.EditorUtility:InstantiateForAnimatorPreview (UnityEngine.Object)
UnityEditor.GameObjectInspector/PreviewData:UpdateGameObject (UnityEngine.Object)
UnityEditor.GameObjectInspector/PreviewData:.ctor (UnityEngine.Object,bool)
UnityEditor.GameObjectInspector:GetPreviewData (bool)
UnityEditor.GameObjectInspector:RenderStaticPreview (string,UnityEngine.Object[],int,int)
UnityEditor.AssetPreviewUpdater:CreatePreview (UnityEngine.Object,UnityEngine.Object[],string,int,int)
UnityEditor.AssetPreviewUpdater:CreatePreviewForAsset (UnityEngine.Object,UnityEngine.Object[],string)

[C:\build\output\unity\unity\Modules\Animation\Director\AnimatorControllerPlayable.cpp line 333]

 -> (artifact id: '0c6902549b84dea021fb6a4a27959d54') in 0.024611 seconds
Number of updated asset objects reloaded before import = 0
Number of asset objects unloaded after import = 139
========================================================================
Received Import Request.
  Time since last request: 12.368987 seconds.
  path: Assets/Resources/Chunks/Chunck3.prefab
  artifactKey: Guid(f2335dab4f4329148857f4d8549b279f) Importer(815301076,1909f56bfc062723c751e8b465ee728b)
Start importing Assets/Resources/Chunks/Chunck3.prefab using Guid(f2335dab4f4329148857f4d8549b279f) Importer(815301076,1909f56bfc062723c751e8b465ee728b)  -> (artifact id: '1e39cdc5e929f36e3ed5cb6388157036') in 0.011296 seconds
Number of updated asset objects reloaded before import = 0
Number of asset objects unloaded after import = 40
========================================================================
Received Import Request.
  Time since last request: 1.812733 seconds.
  path: Assets/Resources/Chunks/Chunck3.prefab
  artifactKey: Guid(f2335dab4f4329148857f4d8549b279f) Importer(815301076,1909f56bfc062723c751e8b465ee728b)
Start importing Assets/Resources/Chunks/Chunck3.prefab using Guid(f2335dab4f4329148857f4d8549b279f) Importer(815301076,1909f56bfc062723c751e8b465ee728b)  -> (artifact id: '9db65cede78648208ed4285e42a8cd01') in 0.010629 seconds
Number of updated asset objects reloaded before import = 0
Number of asset objects unloaded after import = 40
========================================================================
Received Import Request.
  Time since last request: 6.652096 seconds.
  path: Assets/Resources/Chunks/Chunck3.prefab
  artifactKey: Guid(f2335dab4f4329148857f4d8549b279f) Importer(815301076,1909f56bfc062723c751e8b465ee728b)
Start importing Assets/Resources/Chunks/Chunck3.prefab using Guid(f2335dab4f4329148857f4d8549b279f) Importer(815301076,1909f56bfc062723c751e8b465ee728b)  -> (artifact id: 'e009ef7f05263d87410bbe224535e790') in 0.008368 seconds
Number of updated asset objects reloaded before import = 0
Number of asset objects unloaded after import = 40
========================================================================
Received Import Request.
  Time since last request: 24.473910 seconds.
  path: Assets/Resources/Chunks/Chunck3.prefab
  artifactKey: Guid(f2335dab4f4329148857f4d8549b279f) Importer(815301076,1909f56bfc062723c751e8b465ee728b)
Start importing Assets/Resources/Chunks/Chunck3.prefab using Guid(f2335dab4f4329148857f4d8549b279f) Importer(815301076,1909f56bfc062723c751e8b465ee728b)  -> (artifact id: 'c09d17694bd7c6ebae827491e1a3d687') in 0.008515 seconds
Number of updated asset objects reloaded before import = 0
Number of asset objects unloaded after import = 40
========================================================================
Received Import Request.
  Time since last request: 8.102112 seconds.
  path: Assets/Resources/Chunks/Chunck3.prefab
  artifactKey: Guid(f2335dab4f4329148857f4d8549b279f) Importer(815301076,1909f56bfc062723c751e8b465ee728b)
Start importing Assets/Resources/Chunks/Chunck3.prefab using Guid(f2335dab4f4329148857f4d8549b279f) Importer(815301076,1909f56bfc062723c751e8b465ee728b)  -> (artifact id: '6daa4728d249b313b453846049e6c91b') in 0.008892 seconds
Number of updated asset objects reloaded before import = 0
Number of asset objects unloaded after import = 40
========================================================================
Received Import Request.
  Time since last request: 8.476819 seconds.
  path: Assets/Resources/Chunks/Chunck3.prefab
  artifactKey: Guid(f2335dab4f4329148857f4d8549b279f) Importer(815301076,1909f56bfc062723c751e8b465ee728b)
Start importing Assets/Resources/Chunks/Chunck3.prefab using Guid(f2335dab4f4329148857f4d8549b279f) Importer(815301076,1909f56bfc062723c751e8b465ee728b)  -> (artifact id: '5b9a4d58f3be4492fb9d3d1047540c70') in 0.008618 seconds
Number of updated asset objects reloaded before import = 0
Number of asset objects unloaded after import = 40
========================================================================
Received Import Request.
  Time since last request: 334.178673 seconds.
  path: Assets/Resources/Chunks/Chunck3.prefab
  artifactKey: Guid(f2335dab4f4329148857f4d8549b279f) Importer(815301076,1909f56bfc062723c751e8b465ee728b)
Start importing Assets/Resources/Chunks/Chunck3.prefab using Guid(f2335dab4f4329148857f4d8549b279f) Importer(815301076,1909f56bfc062723c751e8b465ee728b)  -> (artifact id: '3f94a49edc759fdcd3c7e91c783d17b8') in 0.022671 seconds
Number of updated asset objects reloaded before import = 0
Number of asset objects unloaded after import = 208
========================================================================
Received Prepare
Begin MonoManager ReloadAssembly
- Loaded All Assemblies, in  0.675 seconds
Refreshing native plugins compatible for Editor in 3.77 ms, found 3 plugins.
Native extension for UWP target not found
Native extension for WindowsStandalone target not found
Native extension for Android target not found
Native extension for WebGL target not found
[Package Manager] Server::EnsureServerProcessIsRunning -- launch failed, reason: Unity was launched with the -noUpm command-line argument
[Package Manager] UpmClient::Send -- Unable to send message (not connected to UPM process).
[Package Manager] Cannot connect to Unity Package Manager local server
Mono: successfully reloaded assembly
- Finished resetting the current domain, in  1.062 seconds
Domain Reload Profiling: 1727ms
	BeginReloadAssembly (219ms)
		ExecutionOrderSort (0ms)
		DisableScriptedObjects (4ms)
		BackupInstance (0ms)
		ReleaseScriptingObjects (0ms)
		CreateAndSetChildDomain (43ms)
	RebuildCommonClasses (34ms)
	RebuildNativeTypeToScriptingClass (10ms)
	initialDomainReloadingComplete (51ms)
	LoadAllAssembliesAndSetupDomain (350ms)
		LoadAssemblies (472ms)
		RebuildTransferFunctionScriptingTraits (0ms)
		AnalyzeDomain (15ms)
			TypeCache.Refresh (5ms)
				TypeCache.ScanAssembly (0ms)
			ScanForSourceGeneratedMonoScriptInfo (0ms)
			ResolveRequiredComponents (8ms)
	FinalizeReload (1062ms)
		ReleaseScriptCaches (0ms)
		RebuildScriptCaches (0ms)
		SetupLoadedEditorAssemblies (556ms)
			LogAssemblyErrors (0ms)
			InitializePlatformSupportModulesInManaged (46ms)
			SetLoadedEditorAssemblies (4ms)
			RefreshPlugins (0ms)
			BeforeProcessingInitializeOnLoad (104ms)
			ProcessInitializeOnLoadAttributes (358ms)
			ProcessInitializeOnLoadMethodAttributes (20ms)
			AfterProcessingInitializeOnLoad (25ms)
			EditorAssembliesLoaded (0ms)
		ExecutionOrderSort2 (0ms)
		AwakeInstancesAfterBackupRestoration (8ms)
Refreshing native plugins compatible for Editor in 3.69 ms, found 3 plugins.
Preloading 0 native plugins for Editor in 0.00 ms.
Unloading 3359 Unused Serialized files (Serialized files now loaded: 0)
Unloading 29 unused Assets / (34.2 KB). Loaded Objects now: 3921.
Memory consumption went from 151.1 MB to 151.0 MB.
Total: 3.126300 ms (FindLiveObjects: 0.294400 ms CreateObjectMapping: 0.202700 ms MarkObjects: 2.574500 ms  DeleteObjects: 0.053900 ms)

Prepare: number of updated asset objects reloaded= 0
AssetImportParameters requested are different than current active one (requested -> active):
  custom:container-demuxer-ogg: 62fdf1f143b41e24485cea50d1cbac27 -> 
  custom:video-decoder-ogg-theora: a1e56fd34408186e4bbccfd4996cb3dc -> 
  custom:framework-win-MediaFoundation: 216162199b28c13a410421893ffa2e32 -> 
  custom:CustomObjectIndexerAttribute: 9a22284fe3817be447336de3de66b15e -> 
  custom:container-demuxer-webm: 4f35f7cbe854078d1ac9338744f61a02 -> 
  custom:container-muxer-webm: aa71ff27fc2769a1b78a27578f13a17b -> 
  custom:video-decoder-webm-vp8: 9c59270c3fd7afecdb556c50c9e8de78 -> 
  custom:SearchIndexIgnoredProperties: e643bd26f0fe6173181afceb89e7c659 -> 
  custom:AudioImporter_EditorPlatform: d09bf68614088b80899f8185d706f6e7 -> 
  custom:video-encoder-webm-vp8: eb34c28f22e8b96e1ab97ce403110664 -> 
  custom:audio-decoder-ogg-vorbis: bf7c407c2cedff20999df2af8eb42d56 -> 
  custom:audio-encoder-webm-vorbis: bf7c407c2cedff20999df2af8eb42d56 -> 
========================================================================
Received Import Request.
  Time since last request: 61.589098 seconds.
  path: Assets/Resources/Chunks/Chunck3.prefab
  artifactKey: Guid(f2335dab4f4329148857f4d8549b279f) Importer(815301076,1909f56bfc062723c751e8b465ee728b)
Start importing Assets/Resources/Chunks/Chunck3.prefab using Guid(f2335dab4f4329148857f4d8549b279f) Importer(815301076,1909f56bfc062723c751e8b465ee728b)  -> (artifact id: 'bf9b9f25cef7d568c736fa22aef0c6f2') in 0.070975 seconds
Number of updated asset objects reloaded before import = 0
Number of asset objects unloaded after import = 131
========================================================================
Received Import Request.
  Time since last request: 15.945909 seconds.
  path: Assets/Resources/Chunks/Chunck4.prefab
  artifactKey: Guid(8a89cc0b1ce4f0c449efcb356f6df4ee) Importer(815301076,1909f56bfc062723c751e8b465ee728b)
Start importing Assets/Resources/Chunks/Chunck4.prefab using Guid(8a89cc0b1ce4f0c449efcb356f6df4ee) Importer(815301076,1909f56bfc062723c751e8b465ee728b)  -> (artifact id: '07cde488a0ecfb5466d746e31f12fd6e') in 0.017141 seconds
Number of updated asset objects reloaded before import = 0
Number of asset objects unloaded after import = 40
========================================================================
Received Import Request.
  Time since last request: 5.634027 seconds.
  path: Assets/Resources/Chunks/Chunck4.prefab
  artifactKey: Guid(8a89cc0b1ce4f0c449efcb356f6df4ee) Importer(815301076,1909f56bfc062723c751e8b465ee728b)
Start importing Assets/Resources/Chunks/Chunck4.prefab using Guid(8a89cc0b1ce4f0c449efcb356f6df4ee) Importer(815301076,1909f56bfc062723c751e8b465ee728b)  -> (artifact id: '92ec659718cd3ab9dcb88a23816abfea') in 0.008245 seconds
Number of updated asset objects reloaded before import = 0
Number of asset objects unloaded after import = 40
========================================================================
Received Import Request.
  Time since last request: 3.889767 seconds.
  path: Assets/Resources/Chunks/Chunck4.prefab
  artifactKey: Guid(8a89cc0b1ce4f0c449efcb356f6df4ee) Importer(815301076,1909f56bfc062723c751e8b465ee728b)
Start importing Assets/Resources/Chunks/Chunck4.prefab using Guid(8a89cc0b1ce4f0c449efcb356f6df4ee) Importer(815301076,1909f56bfc062723c751e8b465ee728b)  -> (artifact id: 'c9021a5bc021231c4e56d563e69e0b8a') in 0.008760 seconds
Number of updated asset objects reloaded before import = 0
Number of asset objects unloaded after import = 40
========================================================================
Received Import Request.
  Time since last request: 1.041116 seconds.
  path: Assets/Resources/Chunks/Chunck4.prefab
  artifactKey: Guid(8a89cc0b1ce4f0c449efcb356f6df4ee) Importer(815301076,1909f56bfc062723c751e8b465ee728b)
Start importing Assets/Resources/Chunks/Chunck4.prefab using Guid(8a89cc0b1ce4f0c449efcb356f6df4ee) Importer(815301076,1909f56bfc062723c751e8b465ee728b)  -> (artifact id: '1305ce032581dad91ba1ad9e5c202b0d') in 0.008163 seconds
Number of updated asset objects reloaded before import = 0
Number of asset objects unloaded after import = 40
========================================================================
Received Import Request.
  Time since last request: 114.026827 seconds.
  path: Assets/Resources/Chunks/Chunck4.prefab
  artifactKey: Guid(8a89cc0b1ce4f0c449efcb356f6df4ee) Importer(815301076,1909f56bfc062723c751e8b465ee728b)
Start importing Assets/Resources/Chunks/Chunck4.prefab using Guid(8a89cc0b1ce4f0c449efcb356f6df4ee) Importer(815301076,1909f56bfc062723c751e8b465ee728b) The Animator Controller (Spot Light 1) you have used is not valid. Animations will not play
UnityEngine.StackTraceUtility:ExtractStackTrace ()
UnityEditor.EditorUtility:Internal_InstantiateRemoveAllNonAnimationComponentsSingle (UnityEngine.Object,UnityEngine.Vector3,UnityEngine.Quaternion)
UnityEditor.EditorUtility:InstantiateRemoveAllNonAnimationComponents (UnityEngine.Object,UnityEngine.Vector3,UnityEngine.Quaternion)
UnityEditor.EditorUtility:InstantiateForAnimatorPreview (UnityEngine.Object)
UnityEditor.GameObjectInspector/PreviewData:UpdateGameObject (UnityEngine.Object)
UnityEditor.GameObjectInspector/PreviewData:.ctor (UnityEngine.Object,bool)
UnityEditor.GameObjectInspector:GetPreviewData (bool)
UnityEditor.GameObjectInspector:RenderStaticPreview (string,UnityEngine.Object[],int,int)
UnityEditor.AssetPreviewUpdater:CreatePreview (UnityEngine.Object,UnityEngine.Object[],string,int,int)
UnityEditor.AssetPreviewUpdater:CreatePreviewForAsset (UnityEngine.Object,UnityEngine.Object[],string)

[C:\build\output\unity\unity\Modules\Animation\Director\AnimatorControllerPlayable.cpp line 333]

 -> (artifact id: '6a1e4913adca92377dcc6836b54212d4') in 0.010999 seconds
Number of updated asset objects reloaded before import = 0
Number of asset objects unloaded after import = 42
========================================================================
Received Import Request.
  Time since last request: 12.382906 seconds.
  path: Assets/Resources/Chunks/Chunck5.prefab
  artifactKey: Guid(5a97d37fcadb36a4fbce7cc63fb18034) Importer(815301076,1909f56bfc062723c751e8b465ee728b)
Start importing Assets/Resources/Chunks/Chunck5.prefab using Guid(5a97d37fcadb36a4fbce7cc63fb18034) Importer(815301076,1909f56bfc062723c751e8b465ee728b)  -> (artifact id: '83122864adf435cb688514779b93270e') in 0.015736 seconds
Number of updated asset objects reloaded before import = 0
Number of asset objects unloaded after import = 40
========================================================================
Received Import Request.
  Time since last request: 1.401756 seconds.
  path: Assets/Resources/Chunks/Chunck5.prefab
  artifactKey: Guid(5a97d37fcadb36a4fbce7cc63fb18034) Importer(815301076,1909f56bfc062723c751e8b465ee728b)
Start importing Assets/Resources/Chunks/Chunck5.prefab using Guid(5a97d37fcadb36a4fbce7cc63fb18034) Importer(815301076,1909f56bfc062723c751e8b465ee728b)  -> (artifact id: '9403c8ebd3212d95342ba109d89558fa') in 0.008546 seconds
Number of updated asset objects reloaded before import = 0
Number of asset objects unloaded after import = 40
========================================================================
Received Import Request.
  Time since last request: 4.637507 seconds.
  path: Assets/Resources/Chunks/Chunck5.prefab
  artifactKey: Guid(5a97d37fcadb36a4fbce7cc63fb18034) Importer(815301076,1909f56bfc062723c751e8b465ee728b)
Start importing Assets/Resources/Chunks/Chunck5.prefab using Guid(5a97d37fcadb36a4fbce7cc63fb18034) Importer(815301076,1909f56bfc062723c751e8b465ee728b)  -> (artifact id: '83d2e0836a43d7f2cf7b875e3754c008') in 0.008852 seconds
Number of updated asset objects reloaded before import = 0
Number of asset objects unloaded after import = 40
========================================================================
Received Import Request.
  Time since last request: 4.039916 seconds.
  path: Assets/Resources/Chunks/Chunck5.prefab
  artifactKey: Guid(5a97d37fcadb36a4fbce7cc63fb18034) Importer(815301076,1909f56bfc062723c751e8b465ee728b)
Start importing Assets/Resources/Chunks/Chunck5.prefab using Guid(5a97d37fcadb36a4fbce7cc63fb18034) Importer(815301076,1909f56bfc062723c751e8b465ee728b)  -> (artifact id: '0841eeee85c7644e4b6d59ca3fadbd80') in 0.008396 seconds
Number of updated asset objects reloaded before import = 0
Number of asset objects unloaded after import = 40
========================================================================
Received Import Request.
  Time since last request: 4.636686 seconds.
  path: Assets/Resources/Chunks/Chunck5.prefab
  artifactKey: Guid(5a97d37fcadb36a4fbce7cc63fb18034) Importer(815301076,1909f56bfc062723c751e8b465ee728b)
Start importing Assets/Resources/Chunks/Chunck5.prefab using Guid(5a97d37fcadb36a4fbce7cc63fb18034) Importer(815301076,1909f56bfc062723c751e8b465ee728b)  -> (artifact id: 'afb6a6db0ec4c0a1abda264cf175a330') in 0.008775 seconds
Number of updated asset objects reloaded before import = 0
Number of asset objects unloaded after import = 40
========================================================================
Received Import Request.
  Time since last request: 2.443783 seconds.
  path: Assets/Resources/Chunks/Chunck5.prefab
  artifactKey: Guid(5a97d37fcadb36a4fbce7cc63fb18034) Importer(815301076,1909f56bfc062723c751e8b465ee728b)
Start importing Assets/Resources/Chunks/Chunck5.prefab using Guid(5a97d37fcadb36a4fbce7cc63fb18034) Importer(815301076,1909f56bfc062723c751e8b465ee728b)  -> (artifact id: '53594aa49c23e3b48044d8a720185255') in 0.010037 seconds
Number of updated asset objects reloaded before import = 0
Number of asset objects unloaded after import = 40
========================================================================
Received Import Request.
  Time since last request: 6.494836 seconds.
  path: Assets/Resources/Chunks/Chunck5.prefab
  artifactKey: Guid(5a97d37fcadb36a4fbce7cc63fb18034) Importer(815301076,1909f56bfc062723c751e8b465ee728b)
Start importing Assets/Resources/Chunks/Chunck5.prefab using Guid(5a97d37fcadb36a4fbce7cc63fb18034) Importer(815301076,1909f56bfc062723c751e8b465ee728b)  -> (artifact id: '492cd9c288838d5dc84ee71293f794f9') in 0.009323 seconds
Number of updated asset objects reloaded before import = 0
Number of asset objects unloaded after import = 40
========================================================================
Received Import Request.
  Time since last request: 5.013269 seconds.
  path: Assets/Resources/Chunks/Chunck5.prefab
  artifactKey: Guid(5a97d37fcadb36a4fbce7cc63fb18034) Importer(815301076,1909f56bfc062723c751e8b465ee728b)
Start importing Assets/Resources/Chunks/Chunck5.prefab using Guid(5a97d37fcadb36a4fbce7cc63fb18034) Importer(815301076,1909f56bfc062723c751e8b465ee728b)  -> (artifact id: '2900957aeae8aa1c12f71133d065d393') in 0.009043 seconds
Number of updated asset objects reloaded before import = 0
Number of asset objects unloaded after import = 40
========================================================================
Received Import Request.
  Time since last request: 12.695653 seconds.
  path: Assets/Resources/Chunks/Chunck6.prefab
  artifactKey: Guid(1bd81f87fabe6ea47a369dfa7b114007) Importer(815301076,1909f56bfc062723c751e8b465ee728b)
Start importing Assets/Resources/Chunks/Chunck6.prefab using Guid(1bd81f87fabe6ea47a369dfa7b114007) Importer(815301076,1909f56bfc062723c751e8b465ee728b)  -> (artifact id: 'fa3ac2b3ff6cca1d7fb0854dc14fc97b') in 0.013564 seconds
Number of updated asset objects reloaded before import = 0
Number of asset objects unloaded after import = 40
========================================================================
Received Import Request.
  Time since last request: 5.415443 seconds.
  path: Assets/Resources/Chunks/Chunck6.prefab
  artifactKey: Guid(1bd81f87fabe6ea47a369dfa7b114007) Importer(815301076,1909f56bfc062723c751e8b465ee728b)
Start importing Assets/Resources/Chunks/Chunck6.prefab using Guid(1bd81f87fabe6ea47a369dfa7b114007) Importer(815301076,1909f56bfc062723c751e8b465ee728b)  -> (artifact id: 'd2d5dad0431ad403f2ea84b7606db45d') in 0.009732 seconds
Number of updated asset objects reloaded before import = 0
Number of asset objects unloaded after import = 40
========================================================================
Received Import Request.
  Time since last request: 2.396994 seconds.
  path: Assets/Resources/Chunks/Chunck6.prefab
  artifactKey: Guid(1bd81f87fabe6ea47a369dfa7b114007) Importer(815301076,1909f56bfc062723c751e8b465ee728b)
Start importing Assets/Resources/Chunks/Chunck6.prefab using Guid(1bd81f87fabe6ea47a369dfa7b114007) Importer(815301076,1909f56bfc062723c751e8b465ee728b)  -> (artifact id: '061e9c4e6c63cf0b3a732d939e15059b') in 0.008556 seconds
Number of updated asset objects reloaded before import = 0
Number of asset objects unloaded after import = 40
========================================================================
Received Import Request.
  Time since last request: 7.692969 seconds.
  path: Assets/Resources/Chunks/Chunck6.prefab
  artifactKey: Guid(1bd81f87fabe6ea47a369dfa7b114007) Importer(815301076,1909f56bfc062723c751e8b465ee728b)
Start importing Assets/Resources/Chunks/Chunck6.prefab using Guid(1bd81f87fabe6ea47a369dfa7b114007) Importer(815301076,1909f56bfc062723c751e8b465ee728b)  -> (artifact id: 'fa01ba154f15707052be3ee637b24a74') in 0.009034 seconds
Number of updated asset objects reloaded before import = 0
Number of asset objects unloaded after import = 40
========================================================================
Received Import Request.
  Time since last request: 1.408488 seconds.
  path: Assets/Resources/Chunks/Chunck6.prefab
  artifactKey: Guid(1bd81f87fabe6ea47a369dfa7b114007) Importer(815301076,1909f56bfc062723c751e8b465ee728b)
Start importing Assets/Resources/Chunks/Chunck6.prefab using Guid(1bd81f87fabe6ea47a369dfa7b114007) Importer(815301076,1909f56bfc062723c751e8b465ee728b)  -> (artifact id: '5fc293363a67897b9065974d39b315aa') in 0.008809 seconds
Number of updated asset objects reloaded before import = 0
Number of asset objects unloaded after import = 40
========================================================================
Received Import Request.
  Time since last request: 2.040513 seconds.
  path: Assets/Resources/Chunks/Chunck6.prefab
  artifactKey: Guid(1bd81f87fabe6ea47a369dfa7b114007) Importer(815301076,1909f56bfc062723c751e8b465ee728b)
Start importing Assets/Resources/Chunks/Chunck6.prefab using Guid(1bd81f87fabe6ea47a369dfa7b114007) Importer(815301076,1909f56bfc062723c751e8b465ee728b)  -> (artifact id: '5cb9169a9be4bb17ad7a2fa727c81990') in 0.008442 seconds
Number of updated asset objects reloaded before import = 0
Number of asset objects unloaded after import = 40
========================================================================
Received Import Request.
  Time since last request: 1.431981 seconds.
  path: Assets/Resources/Chunks/Chunck6.prefab
  artifactKey: Guid(1bd81f87fabe6ea47a369dfa7b114007) Importer(815301076,1909f56bfc062723c751e8b465ee728b)
Start importing Assets/Resources/Chunks/Chunck6.prefab using Guid(1bd81f87fabe6ea47a369dfa7b114007) Importer(815301076,1909f56bfc062723c751e8b465ee728b)  -> (artifact id: 'ed9077d9738a3289e5c59e9a0aa03e9a') in 0.008928 seconds
Number of updated asset objects reloaded before import = 0
Number of asset objects unloaded after import = 40
========================================================================
Received Import Request.
  Time since last request: 1.205556 seconds.
  path: Assets/Resources/Chunks/Chunck6.prefab
  artifactKey: Guid(1bd81f87fabe6ea47a369dfa7b114007) Importer(815301076,1909f56bfc062723c751e8b465ee728b)
Start importing Assets/Resources/Chunks/Chunck6.prefab using Guid(1bd81f87fabe6ea47a369dfa7b114007) Importer(815301076,1909f56bfc062723c751e8b465ee728b)  -> (artifact id: 'b8f50a348b033e62e4d472e0866e00ce') in 0.008502 seconds
Number of updated asset objects reloaded before import = 0
Number of asset objects unloaded after import = 40
========================================================================
Received Import Request.
  Time since last request: 1.399271 seconds.
  path: Assets/Resources/Chunks/Chunck6.prefab
  artifactKey: Guid(1bd81f87fabe6ea47a369dfa7b114007) Importer(815301076,1909f56bfc062723c751e8b465ee728b)
Start importing Assets/Resources/Chunks/Chunck6.prefab using Guid(1bd81f87fabe6ea47a369dfa7b114007) Importer(815301076,1909f56bfc062723c751e8b465ee728b)  -> (artifact id: 'a7a9e72cf07e8d8b4f4530fd0a367d03') in 0.008466 seconds
Number of updated asset objects reloaded before import = 0
Number of asset objects unloaded after import = 40
========================================================================
Received Import Request.
  Time since last request: 0.799997 seconds.
  path: Assets/Resources/Chunks/Chunck6.prefab
  artifactKey: Guid(1bd81f87fabe6ea47a369dfa7b114007) Importer(815301076,1909f56bfc062723c751e8b465ee728b)
Start importing Assets/Resources/Chunks/Chunck6.prefab using Guid(1bd81f87fabe6ea47a369dfa7b114007) Importer(815301076,1909f56bfc062723c751e8b465ee728b)  -> (artifact id: 'feee149bf979bfb9c5c9ed698e80c76f') in 0.008442 seconds
Number of updated asset objects reloaded before import = 0
Number of asset objects unloaded after import = 40
========================================================================
Received Import Request.
  Time since last request: 1.212670 seconds.
  path: Assets/Resources/Chunks/Chunck6.prefab
  artifactKey: Guid(1bd81f87fabe6ea47a369dfa7b114007) Importer(815301076,1909f56bfc062723c751e8b465ee728b)
Start importing Assets/Resources/Chunks/Chunck6.prefab using Guid(1bd81f87fabe6ea47a369dfa7b114007) Importer(815301076,1909f56bfc062723c751e8b465ee728b)  -> (artifact id: 'd143c5e1deeb05eb7f5d3cf04c6720f2') in 0.009086 seconds
Number of updated asset objects reloaded before import = 0
Number of asset objects unloaded after import = 43
========================================================================
Received Import Request.
  Time since last request: 1.801688 seconds.
  path: Assets/Resources/Chunks/Chunck6.prefab
  artifactKey: Guid(1bd81f87fabe6ea47a369dfa7b114007) Importer(815301076,1909f56bfc062723c751e8b465ee728b)
Start importing Assets/Resources/Chunks/Chunck6.prefab using Guid(1bd81f87fabe6ea47a369dfa7b114007) Importer(815301076,1909f56bfc062723c751e8b465ee728b)  -> (artifact id: '646b5fe90341cad9bde0930a400e7075') in 0.008522 seconds
Number of updated asset objects reloaded before import = 0
Number of asset objects unloaded after import = 43
========================================================================
Received Import Request.
  Time since last request: 0.795350 seconds.
  path: Assets/Resources/Chunks/Chunck6.prefab
  artifactKey: Guid(1bd81f87fabe6ea47a369dfa7b114007) Importer(815301076,1909f56bfc062723c751e8b465ee728b)
Start importing Assets/Resources/Chunks/Chunck6.prefab using Guid(1bd81f87fabe6ea47a369dfa7b114007) Importer(815301076,1909f56bfc062723c751e8b465ee728b)  -> (artifact id: '403533d75d05dd61cc1045ad657eeaf6') in 0.009364 seconds
Number of updated asset objects reloaded before import = 0
Number of asset objects unloaded after import = 43
========================================================================
Received Import Request.
  Time since last request: 1.828106 seconds.
  path: Assets/Resources/Chunks/Chunck6.prefab
  artifactKey: Guid(1bd81f87fabe6ea47a369dfa7b114007) Importer(815301076,1909f56bfc062723c751e8b465ee728b)
Start importing Assets/Resources/Chunks/Chunck6.prefab using Guid(1bd81f87fabe6ea47a369dfa7b114007) Importer(815301076,1909f56bfc062723c751e8b465ee728b)  -> (artifact id: 'de47b645969cbbd230f848df78953fbd') in 0.008621 seconds
Number of updated asset objects reloaded before import = 0
Number of asset objects unloaded after import = 43
========================================================================
Received Import Request.
  Time since last request: 0.803607 seconds.
  path: Assets/Resources/Chunks/Chunck6.prefab
  artifactKey: Guid(1bd81f87fabe6ea47a369dfa7b114007) Importer(815301076,1909f56bfc062723c751e8b465ee728b)
Start importing Assets/Resources/Chunks/Chunck6.prefab using Guid(1bd81f87fabe6ea47a369dfa7b114007) Importer(815301076,1909f56bfc062723c751e8b465ee728b)  -> (artifact id: 'f8f6e3af2d1aad1e9a906da2674e341e') in 0.008479 seconds
Number of updated asset objects reloaded before import = 0
Number of asset objects unloaded after import = 43
========================================================================
Received Import Request.
  Time since last request: 1.031646 seconds.
  path: Assets/Resources/Chunks/Chunck6.prefab
  artifactKey: Guid(1bd81f87fabe6ea47a369dfa7b114007) Importer(815301076,1909f56bfc062723c751e8b465ee728b)
Start importing Assets/Resources/Chunks/Chunck6.prefab using Guid(1bd81f87fabe6ea47a369dfa7b114007) Importer(815301076,1909f56bfc062723c751e8b465ee728b)  -> (artifact id: '94e08e7e0c4b7e7762afcb563e2b43c3') in 0.008372 seconds
Number of updated asset objects reloaded before import = 0
Number of asset objects unloaded after import = 43
========================================================================
Received Import Request.
  Time since last request: 2.603026 seconds.
  path: Assets/Resources/Chunks/Chunck6.prefab
  artifactKey: Guid(1bd81f87fabe6ea47a369dfa7b114007) Importer(815301076,1909f56bfc062723c751e8b465ee728b)
Start importing Assets/Resources/Chunks/Chunck6.prefab using Guid(1bd81f87fabe6ea47a369dfa7b114007) Importer(815301076,1909f56bfc062723c751e8b465ee728b)  -> (artifact id: 'c27f96f4030aa161e791fd8e1b870874') in 0.009256 seconds
Number of updated asset objects reloaded before import = 0
Number of asset objects unloaded after import = 46
========================================================================
Received Import Request.
  Time since last request: 1.404520 seconds.
  path: Assets/Resources/Chunks/Chunck6.prefab
  artifactKey: Guid(1bd81f87fabe6ea47a369dfa7b114007) Importer(815301076,1909f56bfc062723c751e8b465ee728b)
Start importing Assets/Resources/Chunks/Chunck6.prefab using Guid(1bd81f87fabe6ea47a369dfa7b114007) Importer(815301076,1909f56bfc062723c751e8b465ee728b)  -> (artifact id: '15babe5d5a7196024bc6c9317d53f4c6') in 0.008496 seconds
Number of updated asset objects reloaded before import = 0
Number of asset objects unloaded after import = 46
========================================================================
Received Import Request.
  Time since last request: 1.418011 seconds.
  path: Assets/Resources/Chunks/Chunck6.prefab
  artifactKey: Guid(1bd81f87fabe6ea47a369dfa7b114007) Importer(815301076,1909f56bfc062723c751e8b465ee728b)
Start importing Assets/Resources/Chunks/Chunck6.prefab using Guid(1bd81f87fabe6ea47a369dfa7b114007) Importer(815301076,1909f56bfc062723c751e8b465ee728b)  -> (artifact id: 'af6faacd780cfb8cec85aadb59f705e1') in 0.008362 seconds
Number of updated asset objects reloaded before import = 0
Number of asset objects unloaded after import = 46
========================================================================
Received Import Request.
  Time since last request: 1.416923 seconds.
  path: Assets/Resources/Chunks/Chunck6.prefab
  artifactKey: Guid(1bd81f87fabe6ea47a369dfa7b114007) Importer(815301076,1909f56bfc062723c751e8b465ee728b)
Start importing Assets/Resources/Chunks/Chunck6.prefab using Guid(1bd81f87fabe6ea47a369dfa7b114007) Importer(815301076,1909f56bfc062723c751e8b465ee728b)  -> (artifact id: 'edc5a16b0356edb5a6d4760e47ed08da') in 0.010738 seconds
Number of updated asset objects reloaded before import = 0
Number of asset objects unloaded after import = 46
========================================================================
Received Import Request.
  Time since last request: 2.205280 seconds.
  path: Assets/Resources/Chunks/Chunck6.prefab
  artifactKey: Guid(1bd81f87fabe6ea47a369dfa7b114007) Importer(815301076,1909f56bfc062723c751e8b465ee728b)
Start importing Assets/Resources/Chunks/Chunck6.prefab using Guid(1bd81f87fabe6ea47a369dfa7b114007) Importer(815301076,1909f56bfc062723c751e8b465ee728b)  -> (artifact id: '947395f4efc4b5e454b197c5a4a8b874') in 0.010028 seconds
Number of updated asset objects reloaded before import = 0
Number of asset objects unloaded after import = 46
========================================================================
Received Import Request.
  Time since last request: 80.735713 seconds.
  path: Assets/Resources/Chunks/Chunck7.prefab
  artifactKey: Guid(c6344da4b591c62469c1f67279dd0a8d) Importer(815301076,1909f56bfc062723c751e8b465ee728b)
Start importing Assets/Resources/Chunks/Chunck7.prefab using Guid(c6344da4b591c62469c1f67279dd0a8d) Importer(815301076,1909f56bfc062723c751e8b465ee728b)  -> (artifact id: '9f6a32cf036e28876bd228a89145e8cc') in 0.008730 seconds
Number of updated asset objects reloaded before import = 0
Number of asset objects unloaded after import = 40
========================================================================
Received Import Request.
  Time since last request: 6.658632 seconds.
  path: Assets/Resources/Chunks/Chunck7.prefab
  artifactKey: Guid(c6344da4b591c62469c1f67279dd0a8d) Importer(815301076,1909f56bfc062723c751e8b465ee728b)
Start importing Assets/Resources/Chunks/Chunck7.prefab using Guid(c6344da4b591c62469c1f67279dd0a8d) Importer(815301076,1909f56bfc062723c751e8b465ee728b)  -> (artifact id: '0e4ff868abb6f832a3f221f1c4afb2bb') in 0.011195 seconds
Number of updated asset objects reloaded before import = 0
Number of asset objects unloaded after import = 40
========================================================================
Received Import Request.
  Time since last request: 2.218041 seconds.
  path: Assets/Resources/Chunks/Chunck7.prefab
  artifactKey: Guid(c6344da4b591c62469c1f67279dd0a8d) Importer(815301076,1909f56bfc062723c751e8b465ee728b)
Start importing Assets/Resources/Chunks/Chunck7.prefab using Guid(c6344da4b591c62469c1f67279dd0a8d) Importer(815301076,1909f56bfc062723c751e8b465ee728b)  -> (artifact id: 'b04edda3fd7a666973223d81b9c06830') in 0.008854 seconds
Number of updated asset objects reloaded before import = 0
Number of asset objects unloaded after import = 40
========================================================================
Received Import Request.
  Time since last request: 1.216630 seconds.
  path: Assets/Resources/Chunks/Chunck7.prefab
  artifactKey: Guid(c6344da4b591c62469c1f67279dd0a8d) Importer(815301076,1909f56bfc062723c751e8b465ee728b)
Start importing Assets/Resources/Chunks/Chunck7.prefab using Guid(c6344da4b591c62469c1f67279dd0a8d) Importer(815301076,1909f56bfc062723c751e8b465ee728b)  -> (artifact id: '09ff376342cb686acd39f344c3719512') in 0.008252 seconds
Number of updated asset objects reloaded before import = 0
Number of asset objects unloaded after import = 40
========================================================================
Received Import Request.
  Time since last request: 2.620076 seconds.
  path: Assets/Resources/Chunks/Chunck7.prefab
  artifactKey: Guid(c6344da4b591c62469c1f67279dd0a8d) Importer(815301076,1909f56bfc062723c751e8b465ee728b)
Start importing Assets/Resources/Chunks/Chunck7.prefab using Guid(c6344da4b591c62469c1f67279dd0a8d) Importer(815301076,1909f56bfc062723c751e8b465ee728b)  -> (artifact id: '1320ca3e25eaa6b20e21d0aeac7a3e2b') in 0.008765 seconds
Number of updated asset objects reloaded before import = 0
Number of asset objects unloaded after import = 40
========================================================================
Received Import Request.
  Time since last request: 3.026728 seconds.
  path: Assets/Resources/Chunks/Chunck7.prefab
  artifactKey: Guid(c6344da4b591c62469c1f67279dd0a8d) Importer(815301076,1909f56bfc062723c751e8b465ee728b)
Start importing Assets/Resources/Chunks/Chunck7.prefab using Guid(c6344da4b591c62469c1f67279dd0a8d) Importer(815301076,1909f56bfc062723c751e8b465ee728b)  -> (artifact id: '6937b2677c888f880d927d5ddb89faa0') in 0.008544 seconds
Number of updated asset objects reloaded before import = 0
Number of asset objects unloaded after import = 40
========================================================================
Received Import Request.
  Time since last request: 4.425873 seconds.
  path: Assets/Resources/Chunks/Chunck7.prefab
  artifactKey: Guid(c6344da4b591c62469c1f67279dd0a8d) Importer(815301076,1909f56bfc062723c751e8b465ee728b)
Start importing Assets/Resources/Chunks/Chunck7.prefab using Guid(c6344da4b591c62469c1f67279dd0a8d) Importer(815301076,1909f56bfc062723c751e8b465ee728b)  -> (artifact id: '9871fb25b7cc70f8b3773638097ab1df') in 0.008255 seconds
Number of updated asset objects reloaded before import = 0
Number of asset objects unloaded after import = 40
========================================================================
Received Import Request.
  Time since last request: 6.886322 seconds.
  path: Assets/Resources/Chunks/Chunck7.prefab
  artifactKey: Guid(c6344da4b591c62469c1f67279dd0a8d) Importer(815301076,1909f56bfc062723c751e8b465ee728b)
Start importing Assets/Resources/Chunks/Chunck7.prefab using Guid(c6344da4b591c62469c1f67279dd0a8d) Importer(815301076,1909f56bfc062723c751e8b465ee728b)  -> (artifact id: '53e4a9e22e0c22e57b52f36578ac29fd') in 0.008189 seconds
Number of updated asset objects reloaded before import = 0
Number of asset objects unloaded after import = 40
========================================================================
Received Import Request.
  Time since last request: 382.691871 seconds.
  path: Assets/Resources/Chunks/Chunck7.prefab
  artifactKey: Guid(c6344da4b591c62469c1f67279dd0a8d) Importer(815301076,1909f56bfc062723c751e8b465ee728b)
Start importing Assets/Resources/Chunks/Chunck7.prefab using Guid(c6344da4b591c62469c1f67279dd0a8d) Importer(815301076,1909f56bfc062723c751e8b465ee728b)  -> (artifact id: 'bba18b2e14d4cae033442ab5e44fe056') in 0.029927 seconds
Number of updated asset objects reloaded before import = 0
Number of asset objects unloaded after import = 683
========================================================================
Received Prepare
Begin MonoManager ReloadAssembly
- Loaded All Assemblies, in  0.654 seconds
Refreshing native plugins compatible for Editor in 4.20 ms, found 3 plugins.
Native extension for UWP target not found
Native extension for WindowsStandalone target not found
Native extension for Android target not found
Native extension for WebGL target not found
[Package Manager] Server::EnsureServerProcessIsRunning -- launch failed, reason: Unity was launched with the -noUpm command-line argument
[Package Manager] UpmClient::Send -- Unable to send message (not connected to UPM process).
[Package Manager] Cannot connect to Unity Package Manager local server
Mono: successfully reloaded assembly
- Finished resetting the current domain, in  1.028 seconds
Domain Reload Profiling: 1674ms
	BeginReloadAssembly (205ms)
		ExecutionOrderSort (0ms)
		DisableScriptedObjects (4ms)
		BackupInstance (0ms)
		ReleaseScriptingObjects (0ms)
		CreateAndSetChildDomain (39ms)
	RebuildCommonClasses (30ms)
	RebuildNativeTypeToScriptingClass (9ms)
	initialDomainReloadingComplete (49ms)
	LoadAllAssembliesAndSetupDomain (354ms)
		LoadAssemblies (468ms)
		RebuildTransferFunctionScriptingTraits (0ms)
		AnalyzeDomain (13ms)
			TypeCache.Refresh (6ms)
				TypeCache.ScanAssembly (0ms)
			ScanForSourceGeneratedMonoScriptInfo (0ms)
			ResolveRequiredComponents (6ms)
	FinalizeReload (1029ms)
		ReleaseScriptCaches (0ms)
		RebuildScriptCaches (0ms)
		SetupLoadedEditorAssemblies (553ms)
			LogAssemblyErrors (0ms)
			InitializePlatformSupportModulesInManaged (43ms)
			SetLoadedEditorAssemblies (5ms)
			RefreshPlugins (0ms)
			BeforeProcessingInitializeOnLoad (99ms)
			ProcessInitializeOnLoadAttributes (361ms)
			ProcessInitializeOnLoadMethodAttributes (19ms)
			AfterProcessingInitializeOnLoad (25ms)
			EditorAssembliesLoaded (0ms)
		ExecutionOrderSort2 (0ms)
		AwakeInstancesAfterBackupRestoration (7ms)
Refreshing native plugins compatible for Editor in 3.75 ms, found 3 plugins.
Preloading 0 native plugins for Editor in 0.00 ms.
Unloading 3359 Unused Serialized files (Serialized files now loaded: 0)
Unloading 29 unused Assets / (34.2 KB). Loaded Objects now: 3925.
Memory consumption went from 151.2 MB to 151.2 MB.
Total: 3.575400 ms (FindLiveObjects: 0.281100 ms CreateObjectMapping: 0.202000 ms MarkObjects: 3.000700 ms  DeleteObjects: 0.090900 ms)

Prepare: number of updated asset objects reloaded= 0
AssetImportParameters requested are different than current active one (requested -> active):
  custom:container-demuxer-ogg: 62fdf1f143b41e24485cea50d1cbac27 -> 
  custom:video-decoder-ogg-theora: a1e56fd34408186e4bbccfd4996cb3dc -> 
  custom:framework-win-MediaFoundation: 216162199b28c13a410421893ffa2e32 -> 
  custom:CustomObjectIndexerAttribute: 9a22284fe3817be447336de3de66b15e -> 
  custom:container-demuxer-webm: 4f35f7cbe854078d1ac9338744f61a02 -> 
  custom:container-muxer-webm: aa71ff27fc2769a1b78a27578f13a17b -> 
  custom:video-decoder-webm-vp8: 9c59270c3fd7afecdb556c50c9e8de78 -> 
  custom:SearchIndexIgnoredProperties: e643bd26f0fe6173181afceb89e7c659 -> 
  custom:AudioImporter_EditorPlatform: d09bf68614088b80899f8185d706f6e7 -> 
  custom:video-encoder-webm-vp8: eb34c28f22e8b96e1ab97ce403110664 -> 
  custom:audio-decoder-ogg-vorbis: bf7c407c2cedff20999df2af8eb42d56 -> 
  custom:audio-encoder-webm-vorbis: bf7c407c2cedff20999df2af8eb42d56 -> 
========================================================================
Received Import Request.
  Time since last request: 142.337157 seconds.
  path: Assets/Resources/Chunks/Chunck2.prefab
  artifactKey: Guid(af0c9bbef7627a146a5ee1ed0d6f1837) Importer(815301076,1909f56bfc062723c751e8b465ee728b)
Start importing Assets/Resources/Chunks/Chunck2.prefab using Guid(af0c9bbef7627a146a5ee1ed0d6f1837) Importer(815301076,1909f56bfc062723c751e8b465ee728b)  -> (artifact id: '34bff687dd270da8abd5f82a3f6c7366') in 0.079775 seconds
Number of updated asset objects reloaded before import = 0
Number of asset objects unloaded after import = 142
